build/app/outputs/mapping/release/mapping.txt
# compiler: R8
# compiler_version: 2.1.62
# min_api: 21
# pg_map_id: 7ee59b4
# common_typos_disable
...
com.razorpay.CryptLib$EncryptMode -> com.razorpay.z:
    com.razorpay.CryptLib$EncryptMode DECRYPT -> h
    com.razorpay.CryptLib$EncryptMode ENCRYPT -> g
    com.razorpay.CryptLib$EncryptMode[] $VALUES -> i
com.razorpay.D$$l_ -> com.razorpay.b0:
    void a() -> b
    void a(android.content.Context) -> c
    void a(android.content.Context,java.lang.String,java.lang.String) -> d
    void a(java.lang.String) -> e
    void a(java.lang.String,java.lang.Object) -> f
    void a(java.lang.String,java.util.Map) -> g
    void a(java.lang.String,org.json.JSONObject) -> h
    void a(org.json.JSONObject) -> i
    void a(org.json.JSONObject,java.lang.String,com.razorpay.AnalyticsProperty$Scope) -> j
    java.lang.String b(org.json.JSONObject,java.lang.String) -> k
    org.json.JSONObject b(java.lang.String) -> l
    void b() -> m
    void b(java.lang.String,java.lang.Object) -> n
    void b(org.json.JSONObject) -> o
    org.json.JSONObject c(org.json.JSONObject) -> p
    void c() -> q
    boolean c(org.json.JSONObject,java.lang.String) -> r
    void d() -> s
    void d(org.json.JSONObject) -> t
    org.json.JSONObject e() -> u
    org.json.JSONObject e(org.json.JSONObject) -> v
    void f() -> w
    void g() -> x
    void h() -> y
com.razorpay.D$_X_ -> com.razorpay.c0:
    com.razorpay.Q_$2$ a -> g
com.razorpay.E$_6$ -> com.razorpay.d0:
    void onResult(java.lang.String) -> a
com.razorpay.E$_j$ -> com.razorpay.e0:
com.razorpay.E$_q$ -> com.razorpay.f0:
    com.razorpay.CheckoutPresenterImpl c -> i
    int b -> h
    int a -> g
com.razorpay.E__a_ -> com.razorpay.g0:
    com.razorpay.CheckoutUtils$BackButtonDialogCallback a -> g
com.razorpay.ExternalWalletListener -> com.razorpay.h0:
    void onExternalWalletSelected(java.lang.String,com.razorpay.PaymentData) -> b
com.razorpay.F_$o_ -> com.razorpay.i0:
    java.lang.String b -> c
    java.lang.String c -> b
    void a(com.razorpay.F_$o_,java.lang.String) -> b
    java.lang.String b(com.razorpay.F_$o_,java.lang.String) -> c
com.razorpay.G$_X_ -> com.razorpay.j0:
    com.razorpay.CheckoutPresenterImpl b -> h
    org.json.JSONObject a -> g
com.razorpay.G_$8_ -> com.razorpay.k0:
    boolean a(android.content.Context) -> b
com.razorpay.G__G_ -> com.razorpay.l0:
    java.util.concurrent.LinkedBlockingQueue b -> h
    boolean a -> g
com.razorpay.H$$i_ -> com.razorpay.m0:
    void onPositiveButtonClick() -> a
    void onNegativeButtonClick() -> b
com.razorpay.H$_a_ -> com.razorpay.n0:
    void unSecure() -> a
    void secure() -> b
com.razorpay.I$_e_ -> com.razorpay.o0:
    void unSecure() -> a
    void secure() -> b
com.razorpay.I$_n_ -> com.razorpay.p0:
    void unSecure() -> a
    void secure() -> b
com.razorpay.J$$A_ -> com.razorpay.q0:
    void unSecure() -> a
    void secure() -> b
com.razorpay.J$_0_ -> com.razorpay.r0:
    void unSecure() -> a
    void secure() -> b
com.razorpay.J$_M_ -> com.razorpay.s0:
    void run(com.razorpay.ResponseObject) -> a
com.razorpay.J__A$ -> com.razorpay.t0:
    com.razorpay.CheckoutPresenterImpl a -> g
com.razorpay.J__n_ -> com.razorpay.u0:
    java.lang.String b -> h
    com.razorpay.CheckoutPresenterImpl c -> i
    int a -> g
com.razorpay.K$$z$ -> com.razorpay.v0:
    void unSecure() -> a
    void secure() -> b
com.razorpay.K_$q$ -> com.razorpay.w0:
    com.razorpay.CheckoutUtils$BackButtonDialogCallback a -> g
com.razorpay.L$$C_ -> com.razorpay.x0:
    void unSecure() -> a
    void secure() -> b
com.razorpay.L_$k$ -> com.razorpay.y0:
    java.lang.String a -> g
    com.razorpay.CheckoutPresenterImpl c -> i
    int b -> h
com.razorpay.L__R$ -> com.razorpay.z0:
com.razorpay.M$$8$ -> com.razorpay.a1:
    boolean d -> n
    java.lang.String f -> i
    android.webkit.WebView e -> h
    com.razorpay.F_$o_ h -> m
    boolean g -> k
    boolean c -> l
    android.content.Context a -> g
    com.razorpay.i b -> j
    void a(java.lang.String) -> b
    void setSmsPermission(boolean) -> c
    void postSms(java.lang.String,java.lang.String) -> f