build/app/outputs/mapping/release/usage.txt
com.example.shop_project.R$mipmap
com.example.shop_project.R$anim
com.example.shop_project.R$xml
com.example.shop_project.R
com.example.shop_project.R$color
com.example.shop_project.R$id
com.example.shop_project.R$plurals
com.example.shop_project.R$dimen
com.example.shop_project.R$layout
com.example.shop_project.R$string
com.example.shop_project.BuildConfig
com.example.shop_project.R$bool
com.example.shop_project.R$attr
com.example.shop_project.R$array
com.example.shop_project.R$interpolator
com.example.shop_project.R$raw
com.example.shop_project.R$integer
com.example.shop_project.R$styleable
com.example.shop_project.R$style
com.example.shop_project.R$drawable
com.example.shop_project.R$font
...
com.google.common.collect.Multisets$FilteredMultiset$1
com.google.android.gms.common.server.response.zam
androidx.core.graphics.drawable.WrappedDrawableApi21:
    private static final java.lang.String TAG
com.google.android.gms.common.annotation.KeepForSdkWithFieldsAndMethods
androidx.core.app.NotificationCompat$Action:
    void <init>(int,java.lang.CharSequence,android.app.PendingIntent,android.os.Bundle,androidx.core.app.RemoteInput[],androidx.core.app.RemoteInput[],boolean,int,boolean,boolean)
    public static final int SEMANTIC_ACTION_NONE
    public static final int SEMANTIC_ACTION_REPLY
    public static final int SEMANTIC_ACTION_MARK_AS_READ
    public static final int SEMANTIC_ACTION_MARK_AS_UNREAD
    public static final int SEMANTIC_ACTION_DELETE
    public static final int SEMANTIC_ACTION_ARCHIVE
    public static final int SEMANTIC_ACTION_MUTE
    public static final int SEMANTIC_ACTION_UNMUTE
    public static final int SEMANTIC_ACTION_THUMBS_UP
    public static final int SEMANTIC_ACTION_THUMBS_DOWN
    public static final int SEMANTIC_ACTION_CALL
    static final java.lang.String EXTRA_SHOWS_USER_INTERFACE
    static final java.lang.String EXTRA_SEMANTIC_ACTION
com.google.common.hash.LittleEndianByteArray
androidx.appcompat.R$style:
    private void <init>()
    public static final int AlertDialog_AppCompat
    public static final int AlertDialog_AppCompat_Light
    public static final int Animation_AppCompat_Dialog
    public static final int Animation_AppCompat_DropDownUp
    public static final int Base_AlertDialog_AppCompat
    public static final int Base_AlertDialog_AppCompat_Light
    public static final int Base_Animation_AppCompat_Dialog
    public static final int Base_Animation_AppCompat_DropDownUp
    public static final int Base_Animation_AppCompat_Tooltip
    public static final int Base_DialogWindowTitleBackground_AppCompat
    public static final int Base_DialogWindowTitle_AppCompat
    public static final int Base_TextAppearance_AppCompat
    public static final int Base_TextAppearance_AppCompat_Body1
    public static final int Base_TextAppearance_AppCompat_Body2
    public static final int Base_TextAppearance_AppCompat_Button
    public static final int Base_TextAppearance_AppCompat_Caption
    public static final int Base_TextAppearance_AppCompat_Display1
    public static final int Base_TextAppearance_AppCompat_Display2
    public static final int Base_TextAppearance_AppCompat_Display3
    public static final int Base_TextAppearance_AppCompat_Display4
    public static final int Base_TextAppearance_AppCompat_Headline
    public static final int Base_TextAppearance_AppCompat_Inverse
    public static final int Base_TextAppearance_AppCompat_Large
io.flutter.embedding.android.FlutterEngineConfigurator
androidx.core.view.WindowInsetsControllerCompat$Impl23:
    public boolean isAppearanceLightStatusBars()
androidx.recyclerview.widget.AsyncDifferConfig
com.google.android.exoplayer2.source.rtsp.SessionDescription:
    public static final java.lang.String SUPPORTED_SDP_VERSION
    public static final java.lang.String ATTR_CONTROL
    public static final java.lang.String ATTR_FMTP
    public static final java.lang.String ATTR_LENGTH
    public static final java.lang.String ATTR_RANGE
    public static final java.lang.String ATTR_RTPMAP
    public static final java.lang.String ATTR_TOOL
    public static final java.lang.String ATTR_TYPE
com.google.common.util.concurrent.AbstractExecutionThreadService$1
androidx.media.MediaBrowserServiceCompat$MediaBrowserServiceImplApi21$1
com.google.common.base.CharMatcher$Is:
    public java.lang.String replaceFrom(java.lang.CharSequence,char)
    public com.google.common.base.CharMatcher and(com.google.common.base.CharMatcher)
    public com.google.common.base.CharMatcher or(com.google.common.base.CharMatcher)
    public com.google.common.base.CharMatcher negate()
    void setBits(java.util.BitSet)
com.google.common.collect.MapMakerInternalMap$SafeToArraySet